<?xml version="1.0" encoding="UTF-8"?>
<testng-results ignored="0" total="1" passed="1" failed="0" skipped="0">
  <reporter-output>
  </reporter-output>
  <suite started-at="2022-07-21T11:00:34 IST" name="Suite" finished-at="2022-07-21T11:01:43 IST" duration-ms="68937">
    <groups>
    </groups>
    <test started-at="2022-07-21T11:00:34 IST" name="Test" finished-at="2022-07-21T11:01:43 IST" duration-ms="68937">
      <class name="iRCTCExample.IRCTCtest">
        <test-method is-config="true" signature="launchsite()[pri:0, instance:iRCTCExample.IRCTCtest@4ef37659]" started-at="2022-07-21T11:00:34 IST" name="launchsite" finished-at="2022-07-21T11:00:50 IST" duration-ms="15987" status="PASS">
          <reporter-output>
          </reporter-output>
        </test-method> <!-- launchsite -->
        <test-method signature="logincheck()[pri:0, instance:iRCTCExample.IRCTCtest@4ef37659]" started-at="2022-07-21T11:00:50 IST" name="logincheck" finished-at="2022-07-21T11:01:41 IST" duration-ms="51025" status="PASS">
          <reporter-output>
          </reporter-output>
        </test-method> <!-- logincheck -->
        <test-method is-config="true" signature="closesite()[pri:0, instance:iRCTCExample.IRCTCtest@4ef37659]" started-at="2022-07-21T11:01:41 IST" name="closesite" finished-at="2022-07-21T11:01:43 IST" duration-ms="1525" status="PASS">
          <reporter-output>
          </reporter-output>
        </test-method> <!-- closesite -->
      </class> <!-- iRCTCExample.IRCTCtest -->
    </test> <!-- Test -->
  </suite> <!-- Suite -->
</testng-results>
