<?xml version="1.0" encoding="UTF-8"?>
<testng-results ignored="0" total="1" passed="1" failed="0" skipped="0">
  <reporter-output>
  </reporter-output>
  <suite started-at="2022-07-21T11:35:08 IST" name="Default suite" finished-at="2022-07-21T11:35:18 IST" duration-ms="10849">
    <groups>
    </groups>
    <test started-at="2022-07-21T11:35:08 IST" name="Default test" finished-at="2022-07-21T11:35:18 IST" duration-ms="10849">
      <class name="controlPaytmExample.Controltest">
        <test-method is-config="true" signature="launchsite()[pri:0, instance:controlPaytmExample.Controltest@7526515b]" started-at="2022-07-21T11:35:08 IST" name="launchsite" finished-at="2022-07-21T11:35:15 IST" duration-ms="7388" status="PASS">
          <reporter-output>
          </reporter-output>
        </test-method> <!-- launchsite -->
        <test-method signature="verifysignin()[pri:0, instance:controlPaytmExample.Controltest@7526515b]" started-at="2022-07-21T11:35:15 IST" name="verifysignin" finished-at="2022-07-21T11:35:18 IST" duration-ms="2713" status="PASS">
          <reporter-output>
          </reporter-output>
        </test-method> <!-- verifysignin -->
        <test-method is-config="true" signature="closesite()[pri:0, instance:controlPaytmExample.Controltest@7526515b]" started-at="2022-07-21T11:35:18 IST" name="closesite" finished-at="2022-07-21T11:35:18 IST" duration-ms="616" status="PASS">
          <reporter-output>
          </reporter-output>
        </test-method> <!-- closesite -->
      </class> <!-- controlPaytmExample.Controltest -->
    </test> <!-- Default test -->
  </suite> <!-- Default suite -->
</testng-results>
